<?xml version="1.0" encoding="UTF-8"?>
<testsuite name="com.fuseinterns.libraryManagementSystem.LibraryManagementSystemApplicationTests" tests="1" skipped="0" failures="0" errors="0" timestamp="2018-07-03T09:48:04" hostname="greenapple" time="1.012">
  <properties/>
  <testcase name="contextLoads" classname="com.fuseinterns.libraryManagementSystem.LibraryManagementSystemApplicationTests" time="1.012"/>
  <system-out><![CDATA[15:32:21.188 [Test worker] DEBUG org.springframework.test.context.junit4.SpringJUnit4ClassRunner - SpringJUnit4ClassRunner constructor called with [class com.fuseinterns.libraryManagementSystem.LibraryManagementSystemApplicationTests]
15:32:21.232 [Test worker] DEBUG org.springframework.test.context.BootstrapUtils - Instantiating CacheAwareContextLoaderDelegate from class [org.springframework.test.context.cache.DefaultCacheAwareContextLoaderDelegate]
15:32:21.284 [Test worker] DEBUG org.springframework.test.context.BootstrapUtils - Instantiating BootstrapContext using constructor [public org.springframework.test.context.support.DefaultBootstrapContext(java.lang.Class,org.springframework.test.context.CacheAwareContextLoaderDelegate)]
15:32:21.923 [Test worker] DEBUG org.springframework.test.context.BootstrapUtils - Instantiating TestContextBootstrapper for test class [com.fuseinterns.libraryManagementSystem.LibraryManagementSystemApplicationTests] from class [org.springframework.boot.test.context.SpringBootTestContextBootstrapper]
15:32:22.726 [Test worker] INFO org.springframework.boot.test.context.SpringBootTestContextBootstrapper - Neither @ContextConfiguration nor @ContextHierarchy found for test class [com.fuseinterns.libraryManagementSystem.LibraryManagementSystemApplicationTests], using SpringBootContextLoader
15:32:22.836 [Test worker] DEBUG org.springframework.test.context.support.AbstractContextLoader - Did not detect default resource location for test class [com.fuseinterns.libraryManagementSystem.LibraryManagementSystemApplicationTests]: class path resource [com/fuseinterns/libraryManagementSystem/LibraryManagementSystemApplicationTests-context.xml] does not exist
15:32:22.839 [Test worker] DEBUG org.springframework.test.context.support.AbstractContextLoader - Did not detect default resource location for test class [com.fuseinterns.libraryManagementSystem.LibraryManagementSystemApplicationTests]: class path resource [com/fuseinterns/libraryManagementSystem/LibraryManagementSystemApplicationTestsContext.groovy] does not exist
15:32:22.841 [Test worker] INFO org.springframework.test.context.support.AbstractContextLoader - Could not detect default resource locations for test class [com.fuseinterns.libraryManagementSystem.LibraryManagementSystemApplicationTests]: no resource found for suffixes {-context.xml, Context.groovy}.
15:32:22.851 [Test worker] INFO org.springframework.test.context.support.AnnotationConfigContextLoaderUtils - Could not detect default configuration classes for test class [com.fuseinterns.libraryManagementSystem.LibraryManagementSystemApplicationTests]: LibraryManagementSystemApplicationTests does not declare any static, non-private, non-final, nested classes annotated with @Configuration.
15:32:24.146 [Test worker] DEBUG org.springframework.test.context.support.ActiveProfilesUtils - Could not find an 'annotation declaring class' for annotation type [org.springframework.test.context.ActiveProfiles] and class [com.fuseinterns.libraryManagementSystem.LibraryManagementSystemApplicationTests]
15:32:24.389 [Test worker] DEBUG org.springframework.core.env.StandardEnvironment - Adding PropertySource 'systemProperties' with lowest search precedence
15:32:24.390 [Test worker] DEBUG org.springframework.core.env.StandardEnvironment - Adding PropertySource 'systemEnvironment' with lowest search precedence
15:32:24.394 [Test worker] DEBUG org.springframework.core.env.StandardEnvironment - Initialized StandardEnvironment with PropertySources [MapPropertySource@145629115 {name='systemProperties', properties={java.runtime.name=Java(TM) SE Runtime Environment, sun.boot.library.path=C:\Program Files\Java\jdk1.8.0_172\jre\bin, java.vm.version=25.172-b11, java.vm.vendor=Oracle Corporation, java.vendor.url=http://java.oracle.com/, path.separator=;, java.vm.name=Java HotSpot(TM) 64-Bit Server VM, file.encoding.pkg=sun.io, user.script=, sun.java.launcher=SUN_STANDARD, user.country=US, sun.os.patch.level=, java.vm.specification.name=Java Virtual Machine Specification, user.dir=C:\Users\demogorgon\Documents\Eclipse\library-management-system, java.runtime.version=1.8.0_172-b11, java.awt.graphicsenv=sun.awt.Win32GraphicsEnvironment, java.endorsed.dirs=C:\Program Files\Java\jdk1.8.0_172\jre\lib\endorsed, os.arch=amd64, java.io.tmpdir=C:\Users\DEMOGO~1\AppData\Local\Temp\, line.separator=
, java.vm.specification.vendor=Oracle Corporation, user.variant=, os.name=Windows 10, sun.jnu.encoding=Cp1252, java.library.path=C:\Program Files\Java\jdk1.8.0_172\bin;C:\WINDOWS\Sun\Java\bin;C:\WINDOWS\system32;C:\WINDOWS;C:\WINDOWS\system32;C:\WINDOWS;C:\WINDOWS\System32\Wbem;C:\WINDOWS\System32\WindowsPowerShell\v1.0\;C:\Program Files (x86)\Intel\OpenCL SDK\2.0\bin\x86;C:\Program Files (x86)\Intel\OpenCL SDK\2.0\bin\x64;C:\MinGW\bin;C:\Users\demogorgon\AppData\Local\Programs\Python\Python36;C:\Users\demogorgon\AppData\Local\Programs\Python\Python36\Scripts;C:\Program Files\nodejs\;C:\Program Files\Git\cmd;C:\WINDOWS\System32\OpenSSH\;C:\Gradle\gradle-4.8.1\bin;C:\Program Files\MongoDB\Server\3.6\bin;%JAVA_HOME%\bin;C:\Users\demogorgon\AppData\Local\Programs\Python\Python36\Scripts\;C:\Users\demogorgon\AppData\Local\Programs\Python\Python36\;C:\Users\demogorgon\AppData\Local\Microsoft\WindowsApps;C:\Users\demogorgon\AppData\Roaming\npm;C:\Program Files\Java\jdk1.8.0_172;;., java.specification.name=Java Platform API Specification, java.class.version=52.0, org.gradle.native=false, sun.management.compiler=HotSpot 64-Bit Tiered Compilers, os.version=10.0, user.home=C:\Users\demogorgon, user.timezone=Asia/Katmandu, java.awt.printerjob=sun.awt.windows.WPrinterJob, file.encoding=windows-1252, java.specification.version=1.8, java.class.path=C:\Users\demogorgon\Documents\Eclipse\library-management-system\build\classes\java\test;C:\Users\demogorgon\Documents\Eclipse\library-management-system\build\resources\test;C:\Users\demogorgon\Documents\Eclipse\library-management-system\build\classes\java\main;C:\Users\demogorgon\Documents\Eclipse\library-management-system\build\resources\main;C:\Users\demogorgon\.gradle\caches\modules-2\files-2.1\org.springframework.boot\spring-boot-starter-actuator\2.0.3.RELEASE\d370eeff676d24523ee530f6abc569474d2f9bf9\spring-boot-starter-actuator-2.0.3.RELEASE.jar;C:\Users\demogorgon\.gradle\caches\modules-2\files-2.1\org.springframework.boot\spring-boot-starter-data-mongodb\2.0.3.RELEASE\bf51859e2f6c12485b5f215b240ed4038824f87e\spring-boot-starter-data-mongodb-2.0.3.RELEASE.jar;C:\Users\demogorgon\.gradle\caches\modules-2\files-2.1\org.springframework.boot\spring-boot-starter-web\2.0.3.RELEASE\41fd4180bea3813de8f3c602b5a126218360315b\spring-boot-starter-web-2.0.3.RELEASE.jar;C:\Users\demogorgon\.gradle\caches\modules-2\files-2.1\org.springframework.boot\spring-boot-devtools\2.0.3.RELEASE\478e12e423b45d182a409f12a28fb9f0cddf84bf\spring-boot-devtools-2.0.3.RELEASE.jar;C:\Users\demogorgon\.gradle\caches\modules-2\files-2.1\org.springframework.boot\spring-boot-starter-test\2.0.3.RELEASE\1c624b1cc217bac010abce7a28df8169af4a7fa0\spring-boot-starter-test-2.0.3.RELEASE.jar;C:\Users\demogorgon\.gradle\caches\modules-2\files-2.1\org.springframework.boot\spring-boot-starter-json\2.0.3.RELEASE\2e389a8727588c549c28bb277f0f573f65554850\spring-boot-starter-json-2.0.3.RELEASE.jar;C:\Users\demogorgon\.gradle\caches\modules-2\files-2.1\org.springframework.boot\spring-boot-starter\2.0.3.RELEASE\ffaa050dbd36b0441645598f1a7ddaf67fd5e678\spring-boot-starter-2.0.3.RELEASE.jar;C:\Users\demogorgon\.gradle\caches\modules-2\files-2.1\org.springframework.boot\spring-boot-actuator-autoconfigure\2.0.3.RELEASE\f3e3392c3e8e2714fc05bbf0f3ee496ad19eedc7\spring-boot-actuator-autoconfigure-2.0.3.RELEASE.jar;C:\Users\demogorgon\.gradle\caches\modules-2\files-2.1\io.micrometer\micrometer-core\1.0.5\c5eaa23f5bb1f0f4b7eb44824093874d0d9165f5\micrometer-core-1.0.5.jar;C:\Users\demogorgon\.gradle\caches\modules-2\files-2.1\org.mongodb\mongodb-driver\3.6.4\4ddaa4520e9b3a9255ae138f782d73432be6787d\mongodb-driver-3.6.4.jar;C:\Users\demogorgon\.gradle\caches\modules-2\files-2.1\org.springframework.data\spring-data-mongodb\2.0.8.RELEASE\8d5235c223a51574b6633edfad8345c7e2681858\spring-data-mongodb-2.0.8.RELEASE.jar;C:\Users\demogorgon\.gradle\caches\modules-2\files-2.1\org.springframework.boot\spring-boot-starter-tomcat\2.0.3.RELEASE\25a51a75bfb997b7b95d6760178ee3303863ec4b\spring-boot-starter-tomcat-2.0.3.RELEASE.jar;C:\Users\demogorgon\.gradle\caches\modules-2\files-2.1\org.hibernate.validator\hibernate-validator\6.0.10.Final\4236051a8d209c00f85e70918d5e26d9f3e5201e\hibernate-validator-6.0.10.Final.jar;C:\Users\demogorgon\.gradle\caches\modules-2\files-2.1\org.springframework\spring-webmvc\5.0.7.RELEASE\751c871527ec7ff335ffc76f2e737e297c0a8d30\spring-webmvc-5.0.7.RELEASE.jar;C:\Users\demogorgon\.gradle\caches\modules-2\files-2.1\org.springframework\spring-web\5.0.7.RELEASE\2e04c6c2922fbfa06b5948be14a5782db168b6ec\spring-web-5.0.7.RELEASE.jar;C:\Users\demogorgon\.gradle\caches\modules-2\files-2.1\org.springframework.boot\spring-boot-test-autoconfigure\2.0.3.RELEASE\54e7d2167f2b926bf16a0ef8b91b6bfbd43826e7\spring-boot-test-autoconfigure-2.0.3.RELEASE.jar;C:\Users\demogorgon\.gradle\caches\modules-2\files-2.1\org.springframework.boot\spring-boot-autoconfigure\2.0.3.RELEASE\11bc4cc96b08fabad2b3186755818fa0b32d83f\spring-boot-autoconfigure-2.0.3.RELEASE.jar;C:\Users\demogorgon\.gradle\caches\modules-2\files-2.1\org.springframework.boot\spring-boot-test\2.0.3.RELEASE\5c9b4bb6cfce9ef6e53a0ff5fc4a7ff2867871d8\spring-boot-test-2.0.3.RELEASE.jar;C:\Users\demogorgon\.gradle\caches\modules-2\files-2.1\org.springframework.boot\spring-boot-actuator\2.0.3.RELEASE\5aa239d8ad6d8130b055caebf44467b9c55d422b\spring-boot-actuator-2.0.3.RELEASE.jar;C:\Users\demogorgon\.gradle\caches\modules-2\files-2.1\org.springframework.boot\spring-boot\2.0.3.RELEASE\b874870d915adbc3dd932e19077d3d45c8e54aa0\spring-boot-2.0.3.RELEASE.jar;C:\Users\demogorgon\.gradle\caches\modules-2\files-2.1\com.jayway.jsonpath\json-path\2.4.0\765a4401ceb2dc8d40553c2075eb80a8fa35c2ae\json-path-2.4.0.jar;C:\Users\demogorgon\.gradle\caches\modules-2\files-2.1\junit\junit\4.12\2973d150c0dc1fefe998f834810d68f278ea58ec\junit-4.12.jar;C:\Users\demogorgon\.gradle\caches\modules-2\files-2.1\org.assertj\assertj-core\3.9.1\c5ce126b15f28d56cd8f960c1a6a058b9c9aea87\assertj-core-3.9.1.jar;C:\Users\demogorgon\.gradle\caches\modules-2\files-2.1\org.mockito\mockito-core\2.15.0\b84bfbbc29cd22c9529409627af6ea2897f4fa85\mockito-core-2.15.0.jar;C:\Users\demogorgon\.gradle\caches\modules-2\files-2.1\org.hamcrest\hamcrest-library\1.3\4785a3c21320980282f9f33d0d1264a69040538f\hamcrest-library-1.3.jar;C:\Users\demogorgon\.gradle\caches\modules-2\files-2.1\org.hamcrest\hamcrest-core\1.3\42a25dc3219429f0e5d060061f71acb49bf010a0\hamcrest-core-1.3.jar;C:\Users\demogorgon\.gradle\caches\modules-2\files-2.1\org.skyscreamer\jsonassert\1.5.0\6c9d5fe2f59da598d9aefc1cfc6528ff3cf32df3\jsonassert-1.5.0.jar;C:\Users\demogorgon\.gradle\caches\modules-2\files-2.1\org.springframework\spring-test\5.0.7.RELEASE\bcb7505a316ea34b7e9a7ae5d4921be5b475c02d\spring-test-5.0.7.RELEASE.jar;C:\Users\demogorgon\.gradle\caches\modules-2\files-2.1\org.springframework\spring-context\5.0.7.RELEASE\243a23f8968de8754d8199d669780d683ab177bd\spring-context-5.0.7.RELEASE.jar;C:\Users\demogorgon\.gradle\caches\modules-2\files-2.1\org.springframework\spring-tx\5.0.7.RELEASE\4ca59b21c61162adb146ad1b40c30b60d8dc42b8\spring-tx-5.0.7.RELEASE.jar;C:\Users\demogorgon\.gradle\caches\modules-2\files-2.1\org.springframework.data\spring-data-commons\2.0.8.RELEASE\5c19af63b5acb0eab39066684e813d5ecd9d03b7\spring-data-commons-2.0.8.RELEASE.jar;C:\Users\demogorgon\.gradle\caches\modules-2\files-2.1\org.springframework\spring-aop\5.0.7.RELEASE\fdd0b6aa3c9c7a188c3bfbf6dfd8d40e843be9ef\spring-aop-5.0.7.RELEASE.jar;C:\Users\demogorgon\.gradle\caches\modules-2\files-2.1\org.springframework\spring-beans\5.0.7.RELEASE\c1196cb3e56da83e3c3a02ef323699f4b05feedc\spring-beans-5.0.7.RELEASE.jar;C:\Users\demogorgon\.gradle\caches\modules-2\files-2.1\org.springframework\spring-expression\5.0.7.RELEASE\ca01fb473f53dd0ee3c85663b26d5dc325602057\spring-expression-5.0.7.RELEASE.jar;C:\Users\demogorgon\.gradle\caches\modules-2\files-2.1\org.springframework\spring-core\5.0.7.RELEASE\54b731178d81e66eca9623df772ff32718208137\spring-core-5.0.7.RELEASE.jar;C:\Users\demogorgon\.gradle\caches\modules-2\files-2.1\org.xmlunit\xmlunit-core\2.5.1\4ffdb346572a7356f7521cd3119ce5287d2e339d\xmlunit-core-2.5.1.jar;C:\Users\demogorgon\.gradle\caches\modules-2\files-2.1\org.springframework.boot\spring-boot-starter-logging\2.0.3.RELEASE\7caad34f01d2688919e15e09a90467963e3d5190\spring-boot-starter-logging-2.0.3.RELEASE.jar;C:\Users\demogorgon\.gradle\caches\modules-2\files-2.1\javax.annotation\javax.annotation-api\1.3.2\934c04d3cfef185a8008e7bf34331b79730a9d43\javax.annotation-api-1.3.2.jar;C:\Users\demogorgon\.gradle\caches\modules-2\files-2.1\org.yaml\snakeyaml\1.19\2d998d3d674b172a588e54ab619854d073f555b5\snakeyaml-1.19.jar;C:\Users\demogorgon\.gradle\caches\modules-2\files-2.1\com.fasterxml.jackson.datatype\jackson-datatype-jsr310\2.9.6\ea54f6193d224e5e5732bbd4262327eb465397c2\jackson-datatype-jsr310-2.9.6.jar;C:\Users\demogorgon\.gradle\caches\modules-2\files-2.1\com.fasterxml.jackson.datatype\jackson-datatype-jdk8\2.9.6\456895fc91bf7180b216fead220373e6278230c9\jackson-datatype-jdk8-2.9.6.jar;C:\Users\demogorgon\.gradle\caches\modules-2\files-2.1\com.fasterxml.jackson.module\jackson-module-parameter-names\2.9.6\129acd77a4b6ee30d62d3a0899b1344c8ec2bff8\jackson-module-parameter-names-2.9.6.jar;C:\Users\demogorgon\.gradle\caches\modules-2\files-2.1\com.fasterxml.jackson.core\jackson-databind\2.9.6\cfa4f316351a91bfd95cb0644c6a2c95f52db1fc\jackson-databind-2.9.6.jar;C:\Users\demogorgon\.gradle\caches\modules-2\files-2.1\org.hdrhistogram\HdrHistogram\2.1.10\9e1ac84eed220281841b75e72fb9de5a297fbf04\HdrHistogram-2.1.10.jar;C:\Users\demogorgon\.gradle\caches\modules-2\files-2.1\org.latencyutils\LatencyUtils\2.0.3\769c0b82cb2421c8256300e907298a9410a2a3d3\LatencyUtils-2.0.3.jar;C:\Users\demogorgon\.gradle\caches\modules-2\files-2.1\org.mongodb\mongodb-driver-core\3.6.4\6e737a5d706036bed528522d445dd2ffc454bd6b\mongodb-driver-core-3.6.4.jar;C:\Users\demogorgon\.gradle\caches\modules-2\files-2.1\org.mongodb\bson\3.6.4\da7487f3cba7ddd1e0b0814005960cf543e9d8\bson-3.6.4.jar;C:\Users\demogorgon\.gradle\caches\modules-2\files-2.1\ch.qos.logback\logback-classic\1.2.3\7c4f3c474fb2c041d8028740440937705ebb473a\logback-classic-1.2.3.jar;C:\Users\demogorgon\.gradle\caches\modules-2\files-2.1\org.apache.logging.log4j\log4j-to-slf4j\2.10.0\f7e631ccf49cfc0aefa4a2a728da7d374c05bd3c\log4j-to-slf4j-2.10.0.jar;C:\Users\demogorgon\.gradle\caches\modules-2\files-2.1\org.slf4j\jul-to-slf4j\1.7.25\af5364cd6679bfffb114f0dec8a157aaa283b76\jul-to-slf4j-1.7.25.jar;C:\Users\demogorgon\.gradle\caches\modules-2\files-2.1\org.slf4j\slf4j-api\1.7.25\da76ca59f6a57ee3102f8f9bd9cee742973efa8a\slf4j-api-1.7.25.jar;C:\Users\demogorgon\.gradle\caches\modules-2\files-2.1\org.apache.tomcat.embed\tomcat-embed-websocket\8.5.31\6564e716b89de5eaa0dd234ae7989576503ddf3\tomcat-embed-websocket-8.5.31.jar;C:\Users\demogorgon\.gradle\caches\modules-2\files-2.1\org.apache.tomcat.embed\tomcat-embed-core\8.5.31\f5adf7ed8c34aa005b22b6a2dc7b6796e10e9c79\tomcat-embed-core-8.5.31.jar;C:\Users\demogorgon\.gradle\caches\modules-2\files-2.1\org.apache.tomcat.embed\tomcat-embed-el\8.5.31\3a536e1ac71b82627c3a7408eb38fa0704cb9034\tomcat-embed-el-8.5.31.jar;C:\Users\demogorgon\.gradle\caches\modules-2\files-2.1\javax.validation\validation-api\2.0.1.Final\cb855558e6271b1b32e716d24cb85c7f583ce09e\validation-api-2.0.1.Final.jar;C:\Users\demogorgon\.gradle\caches\modules-2\files-2.1\org.jboss.logging\jboss-logging\3.3.2.Final\3789d00e859632e6c6206adc0c71625559e6e3b0\jboss-logging-3.3.2.Final.jar;C:\Users\demogorgon\.gradle\caches\modules-2\files-2.1\com.fasterxml\classmate\1.3.4\3d5f48f10bbe4eb7bd862f10c0583be2e0053c6\classmate-1.3.4.jar;C:\Users\demogorgon\.gradle\caches\modules-2\files-2.1\net.minidev\json-smart\2.3\7396407491352ce4fa30de92efb158adb76b5b\json-smart-2.3.jar;C:\Users\demogorgon\.gradle\caches\modules-2\files-2.1\net.bytebuddy\byte-buddy\1.7.11\f02857a4e2c66ccbe7aaad6100a0a6c461bce9b3\byte-buddy-1.7.11.jar;C:\Users\demogorgon\.gradle\caches\modules-2\files-2.1\net.bytebuddy\byte-buddy-agent\1.7.11\b425a8933ca07edd03c6dbc8bc3b595fba9780de\byte-buddy-agent-1.7.11.jar;C:\Users\demogorgon\.gradle\caches\modules-2\files-2.1\org.objenesis\objenesis\2.6\639033469776fd37c08358c6b92a4761feb2af4b\objenesis-2.6.jar;C:\Users\demogorgon\.gradle\caches\modules-2\files-2.1\com.vaadin.external.google\android-json\0.0.20131108.vaadin1\fa26d351fe62a6a17f5cda1287c1c6110dec413f\android-json-0.0.20131108.vaadin1.jar;C:\Users\demogorgon\.gradle\caches\modules-2\files-2.1\org.springframework\spring-jcl\5.0.7.RELEASE\699016ddf454c2c167d9f84ae5777eccadf54728\spring-jcl-5.0.7.RELEASE.jar;C:\Users\demogorgon\.gradle\caches\modules-2\files-2.1\com.fasterxml.jackson.core\jackson-annotations\2.9.0\7c10d545325e3a6e72e06381afe469fd40eb701\jackson-annotations-2.9.0.jar;C:\Users\demogorgon\.gradle\caches\modules-2\files-2.1\com.fasterxml.jackson.core\jackson-core\2.9.6\4e393793c37c77e042ccc7be5a914ae39251b365\jackson-core-2.9.6.jar;C:\Users\demogorgon\.gradle\caches\modules-2\files-2.1\net.minidev\accessors-smart\1.2\c592b500269bfde36096641b01238a8350f8aa31\accessors-smart-1.2.jar;C:\Users\demogorgon\.gradle\caches\modules-2\files-2.1\ch.qos.logback\logback-core\1.2.3\864344400c3d4d92dfeb0a305dc87d953677c03c\logback-core-1.2.3.jar;C:\Users\demogorgon\.gradle\caches\modules-2\files-2.1\org.apache.logging.log4j\log4j-api\2.10.0\fec5797a55b786184a537abd39c3fa1449d752d6\log4j-api-2.10.0.jar;C:\Users\demogorgon\.gradle\caches\modules-2\files-2.1\org.ow2.asm\asm\5.0.4\da08b8cce7bbf903602a25a3a163ae252435795\asm-5.0.4.jar, user.name=demogorgon, java.vm.specification.version=1.8, sun.java.command=worker.org.gradle.process.internal.worker.GradleWorkerMain 'Gradle Test Executor 1', java.home=C:\Program Files\Java\jdk1.8.0_172\jre, sun.arch.data.model=64, user.language=en, java.specification.vendor=Oracle Corporation, awt.toolkit=sun.awt.windows.WToolkit, java.vm.info=mixed mode, java.version=1.8.0_172, java.ext.dirs=C:\Program Files\Java\jdk1.8.0_172\jre\lib\ext;C:\WINDOWS\Sun\Java\lib\ext, sun.boot.class.path=C:\Program Files\Java\jdk1.8.0_172\jre\lib\resources.jar;C:\Program Files\Java\jdk1.8.0_172\jre\lib\rt.jar;C:\Program Files\Java\jdk1.8.0_172\jre\lib\sunrsasign.jar;C:\Program Files\Java\jdk1.8.0_172\jre\lib\jsse.jar;C:\Program Files\Java\jdk1.8.0_172\jre\lib\jce.jar;C:\Program Files\Java\jdk1.8.0_172\jre\lib\charsets.jar;C:\Program Files\Java\jdk1.8.0_172\jre\lib\jfr.jar;C:\Program Files\Java\jdk1.8.0_172\jre\classes, java.vendor=Oracle Corporation, org.gradle.test.worker=1, file.separator=\, java.vendor.url.bug=http://bugreport.sun.com/bugreport/, sun.io.unicode.encoding=UnicodeLittle, sun.cpu.endian=little, sun.desktop=windows, sun.cpu.isalist=amd64}}, SystemEnvironmentPropertySource@2058542629 {name='systemEnvironment', properties={USERDOMAIN_ROAMINGPROFILE=GREENAPPLE, PROCESSOR_LEVEL=6, SESSIONNAME=Console, ALLUSERSPROFILE=C:\ProgramData, PROCESSOR_ARCHITECTURE=AMD64, PSModulePath=C:\WINDOWS\system32\WindowsPowerShell\v1.0\Modules\, SystemDrive=C:, MOZ_PLUGIN_PATH=C:\Program Files (x86)\Foxit Software\Foxit Reader\plugins\, DIRNAME=C:\Gradle\gradle-4.8.1\bin\, USERNAME=demogorgon, CMD_LINE_ARGS=build, ProgramFiles(x86)=C:\Program Files (x86), FPS_BROWSER_USER_PROFILE_STRING=Default, APP_HOME=C:\Gradle\gradle-4.8.1\bin\.., PATHEXT=.COM;.EXE;.BAT;.CMD;.VBS;.VBE;.JS;.JSE;.WSF;.WSH;.MSC, DriverData=C:\Windows\System32\Drivers\DriverData, ProgramData=C:\ProgramData, ProgramW6432=C:\Program Files, HOMEPATH=\Users\demogorgon, PROCESSOR_IDENTIFIER=Intel64 Family 6 Model 42 Stepping 7, GenuineIntel, ProgramFiles=C:\Program Files, PUBLIC=C:\Users\Public, windir=C:\WINDOWS, =::=::\, _SKIP=2, mongo=C:\Program Files\MongoDB\Server\3.6\bin, LOCALAPPDATA=C:\Users\demogorgon\AppData\Local, USERDOMAIN=GREENAPPLE, FPS_BROWSER_APP_PROFILE_STRING=Internet Explorer, LOGONSERVER=\\GREENAPPLE, JAVA_HOME=C:\Program Files\Java\jdk1.8.0_172, PROMPT=$P$G, OneDrive=C:\Users\demogorgon\OneDrive, =C:=C:\Users\demogorgon\Documents\Eclipse\library-management-system, APPDATA=C:\Users\demogorgon\AppData\Roaming, JAVA_EXE=C:\Program Files\Java\jdk1.8.0_172/bin/java.exe, mongodb=C:\Program Files\MongoDB\Server\3.6\bin, CommonProgramFiles=C:\Program Files\Common Files, Path=C:\WINDOWS\system32;C:\WINDOWS;C:\WINDOWS\System32\Wbem;C:\WINDOWS\System32\WindowsPowerShell\v1.0\;C:\Program Files (x86)\Intel\OpenCL SDK\2.0\bin\x86;C:\Program Files (x86)\Intel\OpenCL SDK\2.0\bin\x64;C:\MinGW\bin;C:\Users\demogorgon\AppData\Local\Programs\Python\Python36;C:\Users\demogorgon\AppData\Local\Programs\Python\Python36\Scripts;C:\Program Files\nodejs\;C:\Program Files\Git\cmd;C:\WINDOWS\System32\OpenSSH\;C:\Gradle\gradle-4.8.1\bin;C:\Program Files\MongoDB\Server\3.6\bin;%JAVA_HOME%\bin;C:\Users\demogorgon\AppData\Local\Programs\Python\Python36\Scripts\;C:\Users\demogorgon\AppData\Local\Programs\Python\Python36\;C:\Users\demogorgon\AppData\Local\Microsoft\WindowsApps;C:\Users\demogorgon\AppData\Roaming\npm;C:\Program Files\Java\jdk1.8.0_172;, OS=Windows_NT, COMPUTERNAME=GREENAPPLE, PROCESSOR_REVISION=2a07, CLASSPATH=C:\Gradle\gradle-4.8.1\bin\..\lib\gradle-launcher-4.8.1.jar, CommonProgramW6432=C:\Program Files\Common Files, ComSpec=C:\WINDOWS\system32\cmd.exe, APP_BASE_NAME=gradle, SystemRoot=C:\WINDOWS, TEMP=C:\Users\DEMOGO~1\AppData\Local\Temp, HOMEDRIVE=C:, USERPROFILE=C:\Users\demogorgon, TMP=C:\Users\DEMOGO~1\AppData\Local\Temp, CommonProgramFiles(x86)=C:\Program Files (x86)\Common Files, NUMBER_OF_PROCESSORS=4}}]
15:32:24.570 [Test worker] DEBUG org.springframework.core.io.support.PathMatchingResourcePatternResolver - Resolved classpath location [com/fuseinterns/libraryManagementSystem/] to resources [URL [file:/C:/Users/demogorgon/Documents/Eclipse/library-management-system/build/classes/java/test/com/fuseinterns/libraryManagementSystem/], URL [file:/C:/Users/demogorgon/Documents/Eclipse/library-management-system/build/classes/java/main/com/fuseinterns/libraryManagementSystem/]]
15:32:24.573 [Test worker] DEBUG org.springframework.core.io.support.PathMatchingResourcePatternResolver - Looking for matching resources in directory tree [C:\Users\demogorgon\Documents\Eclipse\library-management-system\build\classes\java\test\com\fuseinterns\libraryManagementSystem]
15:32:24.576 [Test worker] DEBUG org.springframework.core.io.support.PathMatchingResourcePatternResolver - Searching directory [C:\Users\demogorgon\Documents\Eclipse\library-management-system\build\classes\java\test\com\fuseinterns\libraryManagementSystem] for files matching pattern [C:/Users/demogorgon/Documents/Eclipse/library-management-system/build/classes/java/test/com/fuseinterns/libraryManagementSystem/*.class]
15:32:24.594 [Test worker] DEBUG org.springframework.core.io.support.PathMatchingResourcePatternResolver - Looking for matching resources in directory tree [C:\Users\demogorgon\Documents\Eclipse\library-management-system\build\classes\java\main\com\fuseinterns\libraryManagementSystem]
15:32:24.596 [Test worker] DEBUG org.springframework.core.io.support.PathMatchingResourcePatternResolver - Searching directory [C:\Users\demogorgon\Documents\Eclipse\library-management-system\build\classes\java\main\com\fuseinterns\libraryManagementSystem] for files matching pattern [C:/Users/demogorgon/Documents/Eclipse/library-management-system/build/classes/java/main/com/fuseinterns/libraryManagementSystem/*.class]
15:32:24.607 [Test worker] DEBUG org.springframework.core.io.support.PathMatchingResourcePatternResolver - Resolved location pattern [classpath*:com/fuseinterns/libraryManagementSystem/*.class] to resources [file [C:\Users\demogorgon\Documents\Eclipse\library-management-system\build\classes\java\test\com\fuseinterns\libraryManagementSystem\LibraryManagementSystemApplicationTests.class], file [C:\Users\demogorgon\Documents\Eclipse\library-management-system\build\classes\java\main\com\fuseinterns\libraryManagementSystem\LibraryManagementSystemApplication.class]]
15:32:25.027 [Test worker] DEBUG org.springframework.context.annotation.ClassPathScanningCandidateComponentProvider - Identified candidate component class: file [C:\Users\demogorgon\Documents\Eclipse\library-management-system\build\classes\java\main\com\fuseinterns\libraryManagementSystem\LibraryManagementSystemApplication.class]
15:32:25.033 [Test worker] INFO org.springframework.boot.test.context.SpringBootTestContextBootstrapper - Found @SpringBootConfiguration com.fuseinterns.libraryManagementSystem.LibraryManagementSystemApplication for test class com.fuseinterns.libraryManagementSystem.LibraryManagementSystemApplicationTests
15:32:25.893 [Test worker] DEBUG org.springframework.boot.test.context.SpringBootTestContextBootstrapper - @TestExecutionListeners is not present for class [com.fuseinterns.libraryManagementSystem.LibraryManagementSystemApplicationTests]: using defaults.
15:32:25.899 [Test worker] INFO org.springframework.boot.test.context.SpringBootTestContextBootstrapper - Loaded default TestExecutionListener class names from location [META-INF/spring.factories]: [org.springframework.boot.test.autoconfigure.restdocs.RestDocsTestExecutionListener, org.springframework.boot.test.autoconfigure.web.client.MockRestServiceServerResetTestExecutionListener, org.springframework.boot.test.autoconfigure.web.servlet.MockMvcPrintOnlyOnFailureTestExecutionListener, org.springframework.boot.test.autoconfigure.web.servlet.WebDriverTestExecutionListener, org.springframework.boot.test.mock.mockito.MockitoTestExecutionListener, org.springframework.boot.test.mock.mockito.ResetMocksTestExecutionListener, org.springframework.test.context.web.ServletTestExecutionListener, org.springframework.test.context.support.DirtiesContextBeforeModesTestExecutionListener, org.springframework.test.context.support.DependencyInjectionTestExecutionListener, org.springframework.test.context.support.DirtiesContextTestExecutionListener, org.springframework.test.context.transaction.TransactionalTestExecutionListener, org.springframework.test.context.jdbc.SqlScriptsTestExecutionListener]
15:32:26.064 [Test worker] INFO org.springframework.boot.test.context.SpringBootTestContextBootstrapper - Using TestExecutionListeners: [org.springframework.test.context.web.ServletTestExecutionListener@3d15e4c1, org.springframework.test.context.support.DirtiesContextBeforeModesTestExecutionListener@79ce6685, org.springframework.boot.test.mock.mockito.MockitoTestExecutionListener@6785ab69, org.springframework.boot.test.autoconfigure.SpringBootDependencyInjectionTestExecutionListener@43020b9, org.springframework.test.context.support.DirtiesContextTestExecutionListener@1691ef12, org.springframework.test.context.transaction.TransactionalTestExecutionListener@1ce1590b, org.springframework.test.context.jdbc.SqlScriptsTestExecutionListener@56f5771d, org.springframework.boot.test.autoconfigure.restdocs.RestDocsTestExecutionListener@53c5a092, org.springframework.boot.test.autoconfigure.web.client.MockRestServiceServerResetTestExecutionListener@4ab53c87, org.springframework.boot.test.autoconfigure.web.servlet.MockMvcPrintOnlyOnFailureTestExecutionListener@5c0a0ddb, org.springframework.boot.test.autoconfigure.web.servlet.WebDriverTestExecutionListener@21bad4d8, org.springframework.boot.test.mock.mockito.ResetMocksTestExecutionListener@5f05314d]
15:32:26.082 [Test worker] DEBUG org.springframework.test.annotation.ProfileValueUtils - Retrieved @ProfileValueSourceConfiguration [null] for test class [com.fuseinterns.libraryManagementSystem.LibraryManagementSystemApplicationTests]
15:32:26.085 [Test worker] DEBUG org.springframework.test.annotation.ProfileValueUtils - Retrieved ProfileValueSource type [class org.springframework.test.annotation.SystemProfileValueSource] for class [com.fuseinterns.libraryManagementSystem.LibraryManagementSystemApplicationTests]
15:32:26.092 [Test worker] DEBUG org.springframework.test.annotation.ProfileValueUtils - Retrieved @ProfileValueSourceConfiguration [null] for test class [com.fuseinterns.libraryManagementSystem.LibraryManagementSystemApplicationTests]
15:32:26.094 [Test worker] DEBUG org.springframework.test.annotation.ProfileValueUtils - Retrieved ProfileValueSource type [class org.springframework.test.annotation.SystemProfileValueSource] for class [com.fuseinterns.libraryManagementSystem.LibraryManagementSystemApplicationTests]
15:32:26.120 [Test worker] DEBUG org.springframework.test.context.support.AbstractDirtiesContextTestExecutionListener - Before test class: context [DefaultTestContext@157b5a99 testClass = LibraryManagementSystemApplicationTests, testInstance = [null], testMethod = [null], testException = [null], mergedContextConfiguration = [WebMergedContextConfiguration@165e386c testClass = LibraryManagementSystemApplicationTests, locations = '{}', classes = '{class com.fuseinterns.libraryManagementSystem.LibraryManagementSystemApplication}', contextInitializerClasses = '[]', activeProfiles = '{}', propertySourceLocations = '{}', propertySourceProperties = '{org.springframework.boot.test.context.SpringBootTestContextBootstrapper=true}', contextCustomizers = set[org.springframework.boot.test.autoconfigure.properties.PropertyMappingContextCustomizer@0, org.springframework.boot.test.autoconfigure.web.servlet.WebDriverContextCustomizerFactory$Customizer@2a15467, org.springframework.boot.test.context.filter.ExcludeFilterContextCustomizer@7c28d0d4, org.springframework.boot.test.json.DuplicateJsonObjectContextCustomizerFactory$DuplicateJsonObjectContextCustomizer@1aa9a863, org.springframework.boot.test.mock.mockito.MockitoContextCustomizer@0, org.springframework.boot.test.web.client.TestRestTemplateContextCustomizer@1bd53a16], resourceBasePath = 'src/main/webapp', contextLoader = 'org.springframework.boot.test.context.SpringBootContextLoader', parent = [null]], attributes = map['org.springframework.test.context.web.ServletTestExecutionListener.activateListener' -> true]], class annotated with @DirtiesContext [false] with mode [null].
15:32:26.125 [Test worker] DEBUG org.springframework.test.annotation.ProfileValueUtils - Retrieved @ProfileValueSourceConfiguration [null] for test class [com.fuseinterns.libraryManagementSystem.LibraryManagementSystemApplicationTests]
15:32:26.126 [Test worker] DEBUG org.springframework.test.annotation.ProfileValueUtils - Retrieved ProfileValueSource type [class org.springframework.test.annotation.SystemProfileValueSource] for class [com.fuseinterns.libraryManagementSystem.LibraryManagementSystemApplicationTests]
15:32:26.230 [Test worker] DEBUG org.springframework.core.env.StandardEnvironment - Adding PropertySource 'systemProperties' with lowest search precedence
15:32:26.230 [Test worker] DEBUG org.springframework.core.env.StandardEnvironment - Adding PropertySource 'systemEnvironment' with lowest search precedence
15:32:26.232 [Test worker] DEBUG org.springframework.core.env.StandardEnvironment - Initialized StandardEnvironment with PropertySources [MapPropertySource@619123081 {name='systemProperties', properties={java.runtime.name=Java(TM) SE Runtime Environment, sun.boot.library.path=C:\Program Files\Java\jdk1.8.0_172\jre\bin, java.vm.version=25.172-b11, java.vm.vendor=Oracle Corporation, java.vendor.url=http://java.oracle.com/, path.separator=;, java.vm.name=Java HotSpot(TM) 64-Bit Server VM, file.encoding.pkg=sun.io, user.script=, sun.java.launcher=SUN_STANDARD, user.country=US, sun.os.patch.level=, java.vm.specification.name=Java Virtual Machine Specification, user.dir=C:\Users\demogorgon\Documents\Eclipse\library-management-system, java.runtime.version=1.8.0_172-b11, java.awt.graphicsenv=sun.awt.Win32GraphicsEnvironment, java.endorsed.dirs=C:\Program Files\Java\jdk1.8.0_172\jre\lib\endorsed, os.arch=amd64, java.io.tmpdir=C:\Users\DEMOGO~1\AppData\Local\Temp\, line.separator=
, java.vm.specification.vendor=Oracle Corporation, user.variant=, os.name=Windows 10, sun.jnu.encoding=Cp1252, java.library.path=C:\Program Files\Java\jdk1.8.0_172\bin;C:\WINDOWS\Sun\Java\bin;C:\WINDOWS\system32;C:\WINDOWS;C:\WINDOWS\system32;C:\WINDOWS;C:\WINDOWS\System32\Wbem;C:\WINDOWS\System32\WindowsPowerShell\v1.0\;C:\Program Files (x86)\Intel\OpenCL SDK\2.0\bin\x86;C:\Program Files (x86)\Intel\OpenCL SDK\2.0\bin\x64;C:\MinGW\bin;C:\Users\demogorgon\AppData\Local\Programs\Python\Python36;C:\Users\demogorgon\AppData\Local\Programs\Python\Python36\Scripts;C:\Program Files\nodejs\;C:\Program Files\Git\cmd;C:\WINDOWS\System32\OpenSSH\;C:\Gradle\gradle-4.8.1\bin;C:\Program Files\MongoDB\Server\3.6\bin;%JAVA_HOME%\bin;C:\Users\demogorgon\AppData\Local\Programs\Python\Python36\Scripts\;C:\Users\demogorgon\AppData\Local\Programs\Python\Python36\;C:\Users\demogorgon\AppData\Local\Microsoft\WindowsApps;C:\Users\demogorgon\AppData\Roaming\npm;C:\Program Files\Java\jdk1.8.0_172;;., java.specification.name=Java Platform API Specification, java.class.version=52.0, org.gradle.native=false, sun.management.compiler=HotSpot 64-Bit Tiered Compilers, os.version=10.0, user.home=C:\Users\demogorgon, user.timezone=Asia/Katmandu, java.awt.printerjob=sun.awt.windows.WPrinterJob, file.encoding=windows-1252, java.specification.version=1.8, java.class.path=C:\Users\demogorgon\Documents\Eclipse\library-management-system\build\classes\java\test;C:\Users\demogorgon\Documents\Eclipse\library-management-system\build\resources\test;C:\Users\demogorgon\Documents\Eclipse\library-management-system\build\classes\java\main;C:\Users\demogorgon\Documents\Eclipse\library-management-system\build\resources\main;C:\Users\demogorgon\.gradle\caches\modules-2\files-2.1\org.springframework.boot\spring-boot-starter-actuator\2.0.3.RELEASE\d370eeff676d24523ee530f6abc569474d2f9bf9\spring-boot-starter-actuator-2.0.3.RELEASE.jar;C:\Users\demogorgon\.gradle\caches\modules-2\files-2.1\org.springframework.boot\spring-boot-starter-data-mongodb\2.0.3.RELEASE\bf51859e2f6c12485b5f215b240ed4038824f87e\spring-boot-starter-data-mongodb-2.0.3.RELEASE.jar;C:\Users\demogorgon\.gradle\caches\modules-2\files-2.1\org.springframework.boot\spring-boot-starter-web\2.0.3.RELEASE\41fd4180bea3813de8f3c602b5a126218360315b\spring-boot-starter-web-2.0.3.RELEASE.jar;C:\Users\demogorgon\.gradle\caches\modules-2\files-2.1\org.springframework.boot\spring-boot-devtools\2.0.3.RELEASE\478e12e423b45d182a409f12a28fb9f0cddf84bf\spring-boot-devtools-2.0.3.RELEASE.jar;C:\Users\demogorgon\.gradle\caches\modules-2\files-2.1\org.springframework.boot\spring-boot-starter-test\2.0.3.RELEASE\1c624b1cc217bac010abce7a28df8169af4a7fa0\spring-boot-starter-test-2.0.3.RELEASE.jar;C:\Users\demogorgon\.gradle\caches\modules-2\files-2.1\org.springframework.boot\spring-boot-starter-json\2.0.3.RELEASE\2e389a8727588c549c28bb277f0f573f65554850\spring-boot-starter-json-2.0.3.RELEASE.jar;C:\Users\demogorgon\.gradle\caches\modules-2\files-2.1\org.springframework.boot\spring-boot-starter\2.0.3.RELEASE\ffaa050dbd36b0441645598f1a7ddaf67fd5e678\spring-boot-starter-2.0.3.RELEASE.jar;C:\Users\demogorgon\.gradle\caches\modules-2\files-2.1\org.springframework.boot\spring-boot-actuator-autoconfigure\2.0.3.RELEASE\f3e3392c3e8e2714fc05bbf0f3ee496ad19eedc7\spring-boot-actuator-autoconfigure-2.0.3.RELEASE.jar;C:\Users\demogorgon\.gradle\caches\modules-2\files-2.1\io.micrometer\micrometer-core\1.0.5\c5eaa23f5bb1f0f4b7eb44824093874d0d9165f5\micrometer-core-1.0.5.jar;C:\Users\demogorgon\.gradle\caches\modules-2\files-2.1\org.mongodb\mongodb-driver\3.6.4\4ddaa4520e9b3a9255ae138f782d73432be6787d\mongodb-driver-3.6.4.jar;C:\Users\demogorgon\.gradle\caches\modules-2\files-2.1\org.springframework.data\spring-data-mongodb\2.0.8.RELEASE\8d5235c223a51574b6633edfad8345c7e2681858\spring-data-mongodb-2.0.8.RELEASE.jar;C:\Users\demogorgon\.gradle\caches\modules-2\files-2.1\org.springframework.boot\spring-boot-starter-tomcat\2.0.3.RELEASE\25a51a75bfb997b7b95d6760178ee3303863ec4b\spring-boot-starter-tomcat-2.0.3.RELEASE.jar;C:\Users\demogorgon\.gradle\caches\modules-2\files-2.1\org.hibernate.validator\hibernate-validator\6.0.10.Final\4236051a8d209c00f85e70918d5e26d9f3e5201e\hibernate-validator-6.0.10.Final.jar;C:\Users\demogorgon\.gradle\caches\modules-2\files-2.1\org.springframework\spring-webmvc\5.0.7.RELEASE\751c871527ec7ff335ffc76f2e737e297c0a8d30\spring-webmvc-5.0.7.RELEASE.jar;C:\Users\demogorgon\.gradle\caches\modules-2\files-2.1\org.springframework\spring-web\5.0.7.RELEASE\2e04c6c2922fbfa06b5948be14a5782db168b6ec\spring-web-5.0.7.RELEASE.jar;C:\Users\demogorgon\.gradle\caches\modules-2\files-2.1\org.springframework.boot\spring-boot-test-autoconfigure\2.0.3.RELEASE\54e7d2167f2b926bf16a0ef8b91b6bfbd43826e7\spring-boot-test-autoconfigure-2.0.3.RELEASE.jar;C:\Users\demogorgon\.gradle\caches\modules-2\files-2.1\org.springframework.boot\spring-boot-autoconfigure\2.0.3.RELEASE\11bc4cc96b08fabad2b3186755818fa0b32d83f\spring-boot-autoconfigure-2.0.3.RELEASE.jar;C:\Users\demogorgon\.gradle\caches\modules-2\files-2.1\org.springframework.boot\spring-boot-test\2.0.3.RELEASE\5c9b4bb6cfce9ef6e53a0ff5fc4a7ff2867871d8\spring-boot-test-2.0.3.RELEASE.jar;C:\Users\demogorgon\.gradle\caches\modules-2\files-2.1\org.springframework.boot\spring-boot-actuator\2.0.3.RELEASE\5aa239d8ad6d8130b055caebf44467b9c55d422b\spring-boot-actuator-2.0.3.RELEASE.jar;C:\Users\demogorgon\.gradle\caches\modules-2\files-2.1\org.springframework.boot\spring-boot\2.0.3.RELEASE\b874870d915adbc3dd932e19077d3d45c8e54aa0\spring-boot-2.0.3.RELEASE.jar;C:\Users\demogorgon\.gradle\caches\modules-2\files-2.1\com.jayway.jsonpath\json-path\2.4.0\765a4401ceb2dc8d40553c2075eb80a8fa35c2ae\json-path-2.4.0.jar;C:\Users\demogorgon\.gradle\caches\modules-2\files-2.1\junit\junit\4.12\2973d150c0dc1fefe998f834810d68f278ea58ec\junit-4.12.jar;C:\Users\demogorgon\.gradle\caches\modules-2\files-2.1\org.assertj\assertj-core\3.9.1\c5ce126b15f28d56cd8f960c1a6a058b9c9aea87\assertj-core-3.9.1.jar;C:\Users\demogorgon\.gradle\caches\modules-2\files-2.1\org.mockito\mockito-core\2.15.0\b84bfbbc29cd22c9529409627af6ea2897f4fa85\mockito-core-2.15.0.jar;C:\Users\demogorgon\.gradle\caches\modules-2\files-2.1\org.hamcrest\hamcrest-library\1.3\4785a3c21320980282f9f33d0d1264a69040538f\hamcrest-library-1.3.jar;C:\Users\demogorgon\.gradle\caches\modules-2\files-2.1\org.hamcrest\hamcrest-core\1.3\42a25dc3219429f0e5d060061f71acb49bf010a0\hamcrest-core-1.3.jar;C:\Users\demogorgon\.gradle\caches\modules-2\files-2.1\org.skyscreamer\jsonassert\1.5.0\6c9d5fe2f59da598d9aefc1cfc6528ff3cf32df3\jsonassert-1.5.0.jar;C:\Users\demogorgon\.gradle\caches\modules-2\files-2.1\org.springframework\spring-test\5.0.7.RELEASE\bcb7505a316ea34b7e9a7ae5d4921be5b475c02d\spring-test-5.0.7.RELEASE.jar;C:\Users\demogorgon\.gradle\caches\modules-2\files-2.1\org.springframework\spring-context\5.0.7.RELEASE\243a23f8968de8754d8199d669780d683ab177bd\spring-context-5.0.7.RELEASE.jar;C:\Users\demogorgon\.gradle\caches\modules-2\files-2.1\org.springframework\spring-tx\5.0.7.RELEASE\4ca59b21c61162adb146ad1b40c30b60d8dc42b8\spring-tx-5.0.7.RELEASE.jar;C:\Users\demogorgon\.gradle\caches\modules-2\files-2.1\org.springframework.data\spring-data-commons\2.0.8.RELEASE\5c19af63b5acb0eab39066684e813d5ecd9d03b7\spring-data-commons-2.0.8.RELEASE.jar;C:\Users\demogorgon\.gradle\caches\modules-2\files-2.1\org.springframework\spring-aop\5.0.7.RELEASE\fdd0b6aa3c9c7a188c3bfbf6dfd8d40e843be9ef\spring-aop-5.0.7.RELEASE.jar;C:\Users\demogorgon\.gradle\caches\modules-2\files-2.1\org.springframework\spring-beans\5.0.7.RELEASE\c1196cb3e56da83e3c3a02ef323699f4b05feedc\spring-beans-5.0.7.RELEASE.jar;C:\Users\demogorgon\.gradle\caches\modules-2\files-2.1\org.springframework\spring-expression\5.0.7.RELEASE\ca01fb473f53dd0ee3c85663b26d5dc325602057\spring-expression-5.0.7.RELEASE.jar;C:\Users\demogorgon\.gradle\caches\modules-2\files-2.1\org.springframework\spring-core\5.0.7.RELEASE\54b731178d81e66eca9623df772ff32718208137\spring-core-5.0.7.RELEASE.jar;C:\Users\demogorgon\.gradle\caches\modules-2\files-2.1\org.xmlunit\xmlunit-core\2.5.1\4ffdb346572a7356f7521cd3119ce5287d2e339d\xmlunit-core-2.5.1.jar;C:\Users\demogorgon\.gradle\caches\modules-2\files-2.1\org.springframework.boot\spring-boot-starter-logging\2.0.3.RELEASE\7caad34f01d2688919e15e09a90467963e3d5190\spring-boot-starter-logging-2.0.3.RELEASE.jar;C:\Users\demogorgon\.gradle\caches\modules-2\files-2.1\javax.annotation\javax.annotation-api\1.3.2\934c04d3cfef185a8008e7bf34331b79730a9d43\javax.annotation-api-1.3.2.jar;C:\Users\demogorgon\.gradle\caches\modules-2\files-2.1\org.yaml\snakeyaml\1.19\2d998d3d674b172a588e54ab619854d073f555b5\snakeyaml-1.19.jar;C:\Users\demogorgon\.gradle\caches\modules-2\files-2.1\com.fasterxml.jackson.datatype\jackson-datatype-jsr310\2.9.6\ea54f6193d224e5e5732bbd4262327eb465397c2\jackson-datatype-jsr310-2.9.6.jar;C:\Users\demogorgon\.gradle\caches\modules-2\files-2.1\com.fasterxml.jackson.datatype\jackson-datatype-jdk8\2.9.6\456895fc91bf7180b216fead220373e6278230c9\jackson-datatype-jdk8-2.9.6.jar;C:\Users\demogorgon\.gradle\caches\modules-2\files-2.1\com.fasterxml.jackson.module\jackson-module-parameter-names\2.9.6\129acd77a4b6ee30d62d3a0899b1344c8ec2bff8\jackson-module-parameter-names-2.9.6.jar;C:\Users\demogorgon\.gradle\caches\modules-2\files-2.1\com.fasterxml.jackson.core\jackson-databind\2.9.6\cfa4f316351a91bfd95cb0644c6a2c95f52db1fc\jackson-databind-2.9.6.jar;C:\Users\demogorgon\.gradle\caches\modules-2\files-2.1\org.hdrhistogram\HdrHistogram\2.1.10\9e1ac84eed220281841b75e72fb9de5a297fbf04\HdrHistogram-2.1.10.jar;C:\Users\demogorgon\.gradle\caches\modules-2\files-2.1\org.latencyutils\LatencyUtils\2.0.3\769c0b82cb2421c8256300e907298a9410a2a3d3\LatencyUtils-2.0.3.jar;C:\Users\demogorgon\.gradle\caches\modules-2\files-2.1\org.mongodb\mongodb-driver-core\3.6.4\6e737a5d706036bed528522d445dd2ffc454bd6b\mongodb-driver-core-3.6.4.jar;C:\Users\demogorgon\.gradle\caches\modules-2\files-2.1\org.mongodb\bson\3.6.4\da7487f3cba7ddd1e0b0814005960cf543e9d8\bson-3.6.4.jar;C:\Users\demogorgon\.gradle\caches\modules-2\files-2.1\ch.qos.logback\logback-classic\1.2.3\7c4f3c474fb2c041d8028740440937705ebb473a\logback-classic-1.2.3.jar;C:\Users\demogorgon\.gradle\caches\modules-2\files-2.1\org.apache.logging.log4j\log4j-to-slf4j\2.10.0\f7e631ccf49cfc0aefa4a2a728da7d374c05bd3c\log4j-to-slf4j-2.10.0.jar;C:\Users\demogorgon\.gradle\caches\modules-2\files-2.1\org.slf4j\jul-to-slf4j\1.7.25\af5364cd6679bfffb114f0dec8a157aaa283b76\jul-to-slf4j-1.7.25.jar;C:\Users\demogorgon\.gradle\caches\modules-2\files-2.1\org.slf4j\slf4j-api\1.7.25\da76ca59f6a57ee3102f8f9bd9cee742973efa8a\slf4j-api-1.7.25.jar;C:\Users\demogorgon\.gradle\caches\modules-2\files-2.1\org.apache.tomcat.embed\tomcat-embed-websocket\8.5.31\6564e716b89de5eaa0dd234ae7989576503ddf3\tomcat-embed-websocket-8.5.31.jar;C:\Users\demogorgon\.gradle\caches\modules-2\files-2.1\org.apache.tomcat.embed\tomcat-embed-core\8.5.31\f5adf7ed8c34aa005b22b6a2dc7b6796e10e9c79\tomcat-embed-core-8.5.31.jar;C:\Users\demogorgon\.gradle\caches\modules-2\files-2.1\org.apache.tomcat.embed\tomcat-embed-el\8.5.31\3a536e1ac71b82627c3a7408eb38fa0704cb9034\tomcat-embed-el-8.5.31.jar;C:\Users\demogorgon\.gradle\caches\modules-2\files-2.1\javax.validation\validation-api\2.0.1.Final\cb855558e6271b1b32e716d24cb85c7f583ce09e\validation-api-2.0.1.Final.jar;C:\Users\demogorgon\.gradle\caches\modules-2\files-2.1\org.jboss.logging\jboss-logging\3.3.2.Final\3789d00e859632e6c6206adc0c71625559e6e3b0\jboss-logging-3.3.2.Final.jar;C:\Users\demogorgon\.gradle\caches\modules-2\files-2.1\com.fasterxml\classmate\1.3.4\3d5f48f10bbe4eb7bd862f10c0583be2e0053c6\classmate-1.3.4.jar;C:\Users\demogorgon\.gradle\caches\modules-2\files-2.1\net.minidev\json-smart\2.3\7396407491352ce4fa30de92efb158adb76b5b\json-smart-2.3.jar;C:\Users\demogorgon\.gradle\caches\modules-2\files-2.1\net.bytebuddy\byte-buddy\1.7.11\f02857a4e2c66ccbe7aaad6100a0a6c461bce9b3\byte-buddy-1.7.11.jar;C:\Users\demogorgon\.gradle\caches\modules-2\files-2.1\net.bytebuddy\byte-buddy-agent\1.7.11\b425a8933ca07edd03c6dbc8bc3b595fba9780de\byte-buddy-agent-1.7.11.jar;C:\Users\demogorgon\.gradle\caches\modules-2\files-2.1\org.objenesis\objenesis\2.6\639033469776fd37c08358c6b92a4761feb2af4b\objenesis-2.6.jar;C:\Users\demogorgon\.gradle\caches\modules-2\files-2.1\com.vaadin.external.google\android-json\0.0.20131108.vaadin1\fa26d351fe62a6a17f5cda1287c1c6110dec413f\android-json-0.0.20131108.vaadin1.jar;C:\Users\demogorgon\.gradle\caches\modules-2\files-2.1\org.springframework\spring-jcl\5.0.7.RELEASE\699016ddf454c2c167d9f84ae5777eccadf54728\spring-jcl-5.0.7.RELEASE.jar;C:\Users\demogorgon\.gradle\caches\modules-2\files-2.1\com.fasterxml.jackson.core\jackson-annotations\2.9.0\7c10d545325e3a6e72e06381afe469fd40eb701\jackson-annotations-2.9.0.jar;C:\Users\demogorgon\.gradle\caches\modules-2\files-2.1\com.fasterxml.jackson.core\jackson-core\2.9.6\4e393793c37c77e042ccc7be5a914ae39251b365\jackson-core-2.9.6.jar;C:\Users\demogorgon\.gradle\caches\modules-2\files-2.1\net.minidev\accessors-smart\1.2\c592b500269bfde36096641b01238a8350f8aa31\accessors-smart-1.2.jar;C:\Users\demogorgon\.gradle\caches\modules-2\files-2.1\ch.qos.logback\logback-core\1.2.3\864344400c3d4d92dfeb0a305dc87d953677c03c\logback-core-1.2.3.jar;C:\Users\demogorgon\.gradle\caches\modules-2\files-2.1\org.apache.logging.log4j\log4j-api\2.10.0\fec5797a55b786184a537abd39c3fa1449d752d6\log4j-api-2.10.0.jar;C:\Users\demogorgon\.gradle\caches\modules-2\files-2.1\org.ow2.asm\asm\5.0.4\da08b8cce7bbf903602a25a3a163ae252435795\asm-5.0.4.jar, user.name=demogorgon, java.vm.specification.version=1.8, sun.java.command=worker.org.gradle.process.internal.worker.GradleWorkerMain 'Gradle Test Executor 1', java.home=C:\Program Files\Java\jdk1.8.0_172\jre, sun.arch.data.model=64, user.language=en, java.specification.vendor=Oracle Corporation, awt.toolkit=sun.awt.windows.WToolkit, java.vm.info=mixed mode, java.version=1.8.0_172, java.ext.dirs=C:\Program Files\Java\jdk1.8.0_172\jre\lib\ext;C:\WINDOWS\Sun\Java\lib\ext, sun.boot.class.path=C:\Program Files\Java\jdk1.8.0_172\jre\lib\resources.jar;C:\Program Files\Java\jdk1.8.0_172\jre\lib\rt.jar;C:\Program Files\Java\jdk1.8.0_172\jre\lib\sunrsasign.jar;C:\Program Files\Java\jdk1.8.0_172\jre\lib\jsse.jar;C:\Program Files\Java\jdk1.8.0_172\jre\lib\jce.jar;C:\Program Files\Java\jdk1.8.0_172\jre\lib\charsets.jar;C:\Program Files\Java\jdk1.8.0_172\jre\lib\jfr.jar;C:\Program Files\Java\jdk1.8.0_172\jre\classes, java.vendor=Oracle Corporation, org.gradle.test.worker=1, file.separator=\, java.vendor.url.bug=http://bugreport.sun.com/bugreport/, sun.io.unicode.encoding=UnicodeLittle, sun.cpu.endian=little, sun.desktop=windows, sun.cpu.isalist=amd64}}, SystemEnvironmentPropertySource@2090011173 {name='systemEnvironment', properties={USERDOMAIN_ROAMINGPROFILE=GREENAPPLE, PROCESSOR_LEVEL=6, SESSIONNAME=Console, ALLUSERSPROFILE=C:\ProgramData, PROCESSOR_ARCHITECTURE=AMD64, PSModulePath=C:\WINDOWS\system32\WindowsPowerShell\v1.0\Modules\, SystemDrive=C:, MOZ_PLUGIN_PATH=C:\Program Files (x86)\Foxit Software\Foxit Reader\plugins\, DIRNAME=C:\Gradle\gradle-4.8.1\bin\, USERNAME=demogorgon, CMD_LINE_ARGS=build, ProgramFiles(x86)=C:\Program Files (x86), FPS_BROWSER_USER_PROFILE_STRING=Default, APP_HOME=C:\Gradle\gradle-4.8.1\bin\.., PATHEXT=.COM;.EXE;.BAT;.CMD;.VBS;.VBE;.JS;.JSE;.WSF;.WSH;.MSC, DriverData=C:\Windows\System32\Drivers\DriverData, ProgramData=C:\ProgramData, ProgramW6432=C:\Program Files, HOMEPATH=\Users\demogorgon, PROCESSOR_IDENTIFIER=Intel64 Family 6 Model 42 Stepping 7, GenuineIntel, ProgramFiles=C:\Program Files, PUBLIC=C:\Users\Public, windir=C:\WINDOWS, =::=::\, _SKIP=2, mongo=C:\Program Files\MongoDB\Server\3.6\bin, LOCALAPPDATA=C:\Users\demogorgon\AppData\Local, USERDOMAIN=GREENAPPLE, FPS_BROWSER_APP_PROFILE_STRING=Internet Explorer, LOGONSERVER=\\GREENAPPLE, JAVA_HOME=C:\Program Files\Java\jdk1.8.0_172, PROMPT=$P$G, OneDrive=C:\Users\demogorgon\OneDrive, =C:=C:\Users\demogorgon\Documents\Eclipse\library-management-system, APPDATA=C:\Users\demogorgon\AppData\Roaming, JAVA_EXE=C:\Program Files\Java\jdk1.8.0_172/bin/java.exe, mongodb=C:\Program Files\MongoDB\Server\3.6\bin, CommonProgramFiles=C:\Program Files\Common Files, Path=C:\WINDOWS\system32;C:\WINDOWS;C:\WINDOWS\System32\Wbem;C:\WINDOWS\System32\WindowsPowerShell\v1.0\;C:\Program Files (x86)\Intel\OpenCL SDK\2.0\bin\x86;C:\Program Files (x86)\Intel\OpenCL SDK\2.0\bin\x64;C:\MinGW\bin;C:\Users\demogorgon\AppData\Local\Programs\Python\Python36;C:\Users\demogorgon\AppData\Local\Programs\Python\Python36\Scripts;C:\Program Files\nodejs\;C:\Program Files\Git\cmd;C:\WINDOWS\System32\OpenSSH\;C:\Gradle\gradle-4.8.1\bin;C:\Program Files\MongoDB\Server\3.6\bin;%JAVA_HOME%\bin;C:\Users\demogorgon\AppData\Local\Programs\Python\Python36\Scripts\;C:\Users\demogorgon\AppData\Local\Programs\Python\Python36\;C:\Users\demogorgon\AppData\Local\Microsoft\WindowsApps;C:\Users\demogorgon\AppData\Roaming\npm;C:\Program Files\Java\jdk1.8.0_172;, OS=Windows_NT, COMPUTERNAME=GREENAPPLE, PROCESSOR_REVISION=2a07, CLASSPATH=C:\Gradle\gradle-4.8.1\bin\..\lib\gradle-launcher-4.8.1.jar, CommonProgramW6432=C:\Program Files\Common Files, ComSpec=C:\WINDOWS\system32\cmd.exe, APP_BASE_NAME=gradle, SystemRoot=C:\WINDOWS, TEMP=C:\Users\DEMOGO~1\AppData\Local\Temp, HOMEDRIVE=C:, USERPROFILE=C:\Users\demogorgon, TMP=C:\Users\DEMOGO~1\AppData\Local\Temp, CommonProgramFiles(x86)=C:\Program Files (x86)\Common Files, NUMBER_OF_PROCESSORS=4}}]
15:32:26.261 [Test worker] DEBUG org.springframework.test.context.support.TestPropertySourceUtils - Adding inlined properties to environment: {spring.jmx.enabled=false, org.springframework.boot.test.context.SpringBootTestContextBootstrapper=true, server.port=-1}
15:32:26.307 [Test worker] DEBUG org.springframework.core.env.StandardEnvironment - Adding PropertySource 'Inlined Test Properties' with highest search precedence

  .   ____          _            __ _ _
 /\\ / ___'_ __ _ _(_)_ __  __ _ \ \ \ \
( ( )\___ | '_ | '_| | '_ \/ _` | \ \ \ \
 \\/  ___)| |_)| | | | | || (_| |  ) ) ) )
  '  |____| .__|_| |_|_| |_\__, | / / / /
 =========|_|==============|___/=/_/_/_/
 :: Spring Boot ::        (v2.0.3.RELEASE)

2018-07-03 15:32:30.806  INFO 6812 --- [    Test worker] .LibraryManagementSystemApplicationTests : Starting LibraryManagementSystemApplicationTests on greenapple with PID 6812 (started by demogorgon in C:\Users\demogorgon\Documents\Eclipse\library-management-system)
2018-07-03 15:32:30.867  INFO 6812 --- [    Test worker] .LibraryManagementSystemApplicationTests : No active profile set, falling back to default profiles: default
2018-07-03 15:32:31.216  INFO 6812 --- [    Test worker] o.s.w.c.s.GenericWebApplicationContext   : Refreshing org.springframework.web.context.support.GenericWebApplicationContext@7fa06c26: startup date [Tue Jul 03 15:32:31 NPT 2018]; root of context hierarchy
2018-07-03 15:32:51.464  INFO 6812 --- [    Test worker] org.mongodb.driver.cluster               : Cluster created with settings {hosts=[localhost:27017], mode=SINGLE, requiredClusterType=UNKNOWN, serverSelectionTimeout='30000 ms', maxWaitQueueSize=500}
2018-07-03 15:32:54.403  INFO 6812 --- [localhost:27017] org.mongodb.driver.connection            : Opened connection [connectionId{localValue:1, serverValue:27}] to localhost:27017
2018-07-03 15:32:54.425  INFO 6812 --- [localhost:27017] org.mongodb.driver.cluster               : Monitor thread successfully connected to server with description ServerDescription{address=localhost:27017, type=STANDALONE, state=CONNECTED, ok=true, version=ServerVersion{versionList=[3, 6, 5]}, minWireVersion=0, maxWireVersion=6, maxDocumentSize=16777216, logicalSessionTimeoutMinutes=30, roundTripTimeNanos=13650592}
2018-07-03 15:32:57.371  INFO 6812 --- [    Test worker] o.s.w.s.handler.SimpleUrlHandlerMapping  : Mapped URL path [/**/favicon.ico] onto handler of type [class org.springframework.web.servlet.resource.ResourceHttpRequestHandler]
2018-07-03 15:33:00.050  INFO 6812 --- [    Test worker] s.w.s.m.m.a.RequestMappingHandlerAdapter : Looking for @ControllerAdvice: org.springframework.web.context.support.GenericWebApplicationContext@7fa06c26: startup date [Tue Jul 03 15:32:31 NPT 2018]; root of context hierarchy
2018-07-03 15:33:00.359  INFO 6812 --- [    Test worker] s.w.s.m.m.a.RequestMappingHandlerMapping : Mapped "{[/api/books/{id}],methods=[GET],produces=[application/json]}" onto public org.springframework.http.ResponseEntity<com.fuseinterns.libraryManagementSystem.book.Book> com.fuseinterns.libraryManagementSystem.book.BookController.getBookById(java.lang.String)
2018-07-03 15:33:00.364  INFO 6812 --- [    Test worker] s.w.s.m.m.a.RequestMappingHandlerMapping : Mapped "{[/api/books],methods=[POST],consumes=[application/json],produces=[application/json]}" onto public org.springframework.http.ResponseEntity<com.fuseinterns.libraryManagementSystem.book.Book> com.fuseinterns.libraryManagementSystem.book.BookController.saveBook(java.lang.String,java.lang.String,com.fuseinterns.libraryManagementSystem.book.Book)
2018-07-03 15:33:00.366  INFO 6812 --- [    Test worker] s.w.s.m.m.a.RequestMappingHandlerMapping : Mapped "{[/api/books/{id}],methods=[DELETE],produces=[application/json]}" onto public org.springframework.http.ResponseEntity<com.fuseinterns.libraryManagementSystem.book.Book> com.fuseinterns.libraryManagementSystem.book.BookController.updateBook(java.lang.String,java.lang.String,java.lang.String)
2018-07-03 15:33:00.367  INFO 6812 --- [    Test worker] s.w.s.m.m.a.RequestMappingHandlerMapping : Mapped "{[/api/books/{id}],methods=[PUT],consumes=[application/json],produces=[application/json]}" onto public org.springframework.http.ResponseEntity<com.fuseinterns.libraryManagementSystem.book.Book> com.fuseinterns.libraryManagementSystem.book.BookController.updateBook(java.lang.String,java.lang.String,java.lang.String,com.fuseinterns.libraryManagementSystem.book.Book)
2018-07-03 15:33:00.370  INFO 6812 --- [    Test worker] s.w.s.m.m.a.RequestMappingHandlerMapping : Mapped "{[/api/books],methods=[GET],produces=[application/json]}" onto public org.springframework.http.ResponseEntity<java.util.List<com.fuseinterns.libraryManagementSystem.book.Book>> com.fuseinterns.libraryManagementSystem.book.BookController.getAllBooks()
2018-07-03 15:33:00.375  INFO 6812 --- [    Test worker] s.w.s.m.m.a.RequestMappingHandlerMapping : Mapped "{[/api/return],methods=[POST],consumes=[application/json]}" onto public org.springframework.http.ResponseEntity<com.fuseinterns.libraryManagementSystem.borrower.Return> com.fuseinterns.libraryManagementSystem.borrower.BorrowController.returnBook(com.fuseinterns.libraryManagementSystem.borrower.BorroRequest)
2018-07-03 15:33:00.377  INFO 6812 --- [    Test worker] s.w.s.m.m.a.RequestMappingHandlerMapping : Mapped "{[/api/issue],methods=[GET],produces=[application/json]}" onto public java.util.List<com.fuseinterns.libraryManagementSystem.borrower.Borrow> com.fuseinterns.libraryManagementSystem.borrower.BorrowController.getIssued()
2018-07-03 15:33:00.380  INFO 6812 --- [    Test worker] s.w.s.m.m.a.RequestMappingHandlerMapping : Mapped "{[/api/issue],methods=[POST],consumes=[application/json]}" onto public org.springframework.http.ResponseEntity<com.fuseinterns.libraryManagementSystem.borrower.Borrow> com.fuseinterns.libraryManagementSystem.borrower.BorrowController.issueBooktoUser(com.fuseinterns.libraryManagementSystem.borrower.BorroRequest)
2018-07-03 15:33:00.383  INFO 6812 --- [    Test worker] s.w.s.m.m.a.RequestMappingHandlerMapping : Mapped "{[/api/{user}/notifications],methods=[GET],produces=[application/json]}" onto public org.springframework.http.ResponseEntity<java.util.List<com.fuseinterns.libraryManagementSystem.notification.Notification>> com.fuseinterns.libraryManagementSystem.notification.NotificationController.getNotifications(java.lang.String)
2018-07-03 15:33:00.387  INFO 6812 --- [    Test worker] s.w.s.m.m.a.RequestMappingHandlerMapping : Mapped "{[/api/{user}/report],methods=[GET],produces=[application/json]}" onto public org.springframework.http.ResponseEntity<com.fuseinterns.libraryManagementSystem.report.Report> com.fuseinterns.libraryManagementSystem.report.ReportController.getReport(java.lang.String,java.lang.String)
2018-07-03 15:33:00.391  INFO 6812 --- [    Test worker] s.w.s.m.m.a.RequestMappingHandlerMapping : Mapped "{[/api/user/{id}],methods=[DELETE],produces=[application/json]}" onto public void com.fuseinterns.libraryManagementSystem.user.UserController.deleteUser(java.lang.String,java.lang.String,java.lang.String)
2018-07-03 15:33:00.394  INFO 6812 --- [    Test worker] s.w.s.m.m.a.RequestMappingHandlerMapping : Mapped "{[/api/user],methods=[GET],produces=[application/json]}" onto public org.springframework.http.ResponseEntity<java.util.List<com.fuseinterns.libraryManagementSystem.user.User>> com.fuseinterns.libraryManagementSystem.user.UserController.getAllUser(java.lang.String,java.lang.String)
2018-07-03 15:33:00.398  INFO 6812 --- [    Test worker] s.w.s.m.m.a.RequestMappingHandlerMapping : Mapped "{[/api/user],methods=[POST],produces=[application/json]}" onto public void com.fuseinterns.libraryManagementSystem.user.UserController.saveUser(java.lang.String,java.lang.String,com.fuseinterns.libraryManagementSystem.user.User)
2018-07-03 15:33:00.400  INFO 6812 --- [    Test worker] s.w.s.m.m.a.RequestMappingHandlerMapping : Mapped "{[/api/user/{id}],methods=[GET],produces=[application/json]}" onto public org.springframework.http.ResponseEntity<com.fuseinterns.libraryManagementSystem.user.User> com.fuseinterns.libraryManagementSystem.user.UserController.getUserById(java.lang.String,java.lang.String,java.lang.String)
2018-07-03 15:33:00.415  INFO 6812 --- [    Test worker] s.w.s.m.m.a.RequestMappingHandlerMapping : Mapped "{[/error]}" onto public org.springframework.http.ResponseEntity<java.util.Map<java.lang.String, java.lang.Object>> org.springframework.boot.autoconfigure.web.servlet.error.BasicErrorController.error(javax.servlet.http.HttpServletRequest)
2018-07-03 15:33:00.416  INFO 6812 --- [    Test worker] s.w.s.m.m.a.RequestMappingHandlerMapping : Mapped "{[/error],produces=[text/html]}" onto public org.springframework.web.servlet.ModelAndView org.springframework.boot.autoconfigure.web.servlet.error.BasicErrorController.errorHtml(javax.servlet.http.HttpServletRequest,javax.servlet.http.HttpServletResponse)
2018-07-03 15:33:00.531  INFO 6812 --- [    Test worker] o.s.w.s.handler.SimpleUrlHandlerMapping  : Mapped URL path [/webjars/**] onto handler of type [class org.springframework.web.servlet.resource.ResourceHttpRequestHandler]
2018-07-03 15:33:00.531  INFO 6812 --- [    Test worker] o.s.w.s.handler.SimpleUrlHandlerMapping  : Mapped URL path [/**] onto handler of type [class org.springframework.web.servlet.resource.ResourceHttpRequestHandler]
2018-07-03 15:33:04.046  INFO 6812 --- [    Test worker] o.s.b.a.e.web.EndpointLinksResolver      : Exposing 2 endpoint(s) beneath base path '/actuator'
2018-07-03 15:33:04.103  INFO 6812 --- [    Test worker] s.b.a.e.w.s.WebMvcEndpointHandlerMapping : Mapped "{[/actuator/health],methods=[GET],produces=[application/vnd.spring-boot.actuator.v2+json || application/json]}" onto public java.lang.Object org.springframework.boot.actuate.endpoint.web.servlet.AbstractWebMvcEndpointHandlerMapping$OperationHandler.handle(javax.servlet.http.HttpServletRequest,java.util.Map<java.lang.String, java.lang.String>)
2018-07-03 15:33:04.107  INFO 6812 --- [    Test worker] s.b.a.e.w.s.WebMvcEndpointHandlerMapping : Mapped "{[/actuator/info],methods=[GET],produces=[application/vnd.spring-boot.actuator.v2+json || application/json]}" onto public java.lang.Object org.springframework.boot.actuate.endpoint.web.servlet.AbstractWebMvcEndpointHandlerMapping$OperationHandler.handle(javax.servlet.http.HttpServletRequest,java.util.Map<java.lang.String, java.lang.String>)
2018-07-03 15:33:04.112  INFO 6812 --- [    Test worker] s.b.a.e.w.s.WebMvcEndpointHandlerMapping : Mapped "{[/actuator],methods=[GET],produces=[application/vnd.spring-boot.actuator.v2+json || application/json]}" onto protected java.util.Map<java.lang.String, java.util.Map<java.lang.String, org.springframework.boot.actuate.endpoint.web.Link>> org.springframework.boot.actuate.endpoint.web.servlet.WebMvcEndpointHandlerMapping.links(javax.servlet.http.HttpServletRequest,javax.servlet.http.HttpServletResponse)
2018-07-03 15:33:04.628  INFO 6812 --- [    Test worker] .LibraryManagementSystemApplicationTests : Started LibraryManagementSystemApplicationTests in 38.248 seconds (JVM running for 53.91)
]]></system-out>
  <system-err><![CDATA[]]></system-err>
</testsuite>
